<?xml version="1.0" encoding="UTF-8"?>
<!-- Generated by org.testng.reporters.JUnitReportReporter -->
<testsuite skipped="0" hostname="MAVBCP323" name="com.java.scubaPackage.Calculator" tests="5" failures="0" timestamp="2020-07-02T18:47:58 IST" time="0.100" errors="0">
  <testcase name="mul" time="0.020" classname="com.java.scubaPackage.Calculator"/>
  <system-out>
TestNG_ReportsAndLogs -> Product  </system-out>
  <testcase name="divInt" time="0.020" classname="com.java.scubaPackage.Calculator"/>
  <system-out>
TestNG_ReportsAndLogs -> Quotient  </system-out>
  <testcase name="sub" time="0.020" classname="com.java.scubaPackage.Calculator"/>
  <system-out>
TestNG_ReportsAndLogs -> Difference  </system-out>
  <testcase name="add" time="0.020" classname="com.java.scubaPackage.Calculator"/>
  <system-out>
TestNG_ReportsAndLogs -> Sum  </system-out>
  <testcase name="divReal" time="0.020" classname="com.java.scubaPackage.Calculator"/>
  <system-out>
TestNG_ReportsAndLogs -> Quotient  </system-out>
</testsuite> <!-- com.java.scubaPackage.Calculator -->
