<?xml version="1.0" encoding="UTF-8"?>
<!-- Generated by org.testng.reporters.JUnitReportReporter -->
<testsuite skipped="0" hostname="MAVBCP323" name="com.java.scubaPackage.NewCalculator" tests="4" failures="0" timestamp="2020-07-02T18:47:58 IST" time="0.004" errors="0">
  <testcase name="exp" time="0.001" classname="com.java.scubaPackage.NewCalculator"/>
  <system-out>
TestNG_ReportsAndLogs -> Exponential  </system-out>
  <testcase name="mod" time="0.001" classname="com.java.scubaPackage.NewCalculator"/>
  <system-out>
TestNG_ReportsAndLogs -> Remainder  </system-out>
  <testcase name="inverse" time="0.001" classname="com.java.scubaPackage.NewCalculator"/>
  <system-out>
TestNG_ReportsAndLogs -> Inverse  </system-out>
  <testcase name="negate" time="0.001" classname="com.java.scubaPackage.NewCalculator"/>
  <system-out>
TestNG_ReportsAndLogs -> Negate  </system-out>
</testsuite> <!-- com.java.scubaPackage.NewCalculator -->
