<?xml version="1.0" encoding="UTF-8"?>
<!-- Generated by org.testng.reporters.JUnitReportReporter -->
<testsuite skipped="0" hostname="MAVBCP323" name="com.java.scubaPackage.Execution" tests="3" failures="0" timestamp="2020-07-01T21:52:23 IST" time="0.008" errors="0">
  <testcase name="add" time="0.000" classname="com.java.scubaPackage.Execution"/>
  <system-out>
TestNG_ReportsAndLogs -> add  </system-out>
  <testcase name="add" time="0.001" classname="com.java.scubaPackage.Execution"/>
  <system-out>
TestNG_ReportsAndLogs -> add  </system-out>
  <testcase name="add" time="0.007" classname="com.java.scubaPackage.Execution"/>
  <system-out>
TestNG_ReportsAndLogs -> add  </system-out>
</testsuite> <!-- com.java.scubaPackage.Execution -->
